d:\graduation_project\clean\avatree\build\src\modeller\modellerexecutable\modellercmd.dir\debug\vc142.pdb
d:\graduation_project\clean\avatree\build\src\modeller\modellerexecutable\modellercmd.dir\debug\io.obj
d:\graduation_project\clean\avatree\build\src\modeller\modellerexecutable\modellercmd.dir\debug\interpolation.obj
d:\graduation_project\clean\avatree\build\src\modeller\modellerexecutable\modellercmd.dir\debug\helper.obj
d:\graduation_project\clean\avatree\build\src\modeller\modellerexecutable\modellercmd.dir\debug\gnode.obj
d:\graduation_project\clean\avatree\build\src\modeller\modellerexecutable\modellercmd.dir\debug\ggraph.obj
d:\graduation_project\clean\avatree\build\src\modeller\modellerexecutable\modellercmd.dir\debug\geodesicdistance.obj
d:\graduation_project\clean\avatree\build\src\modeller\modellerexecutable\modellercmd.dir\debug\features.obj
d:\graduation_project\clean\avatree\build\src\modeller\modellerexecutable\modellercmd.dir\debug\face.obj
d:\graduation_project\clean\avatree\build\src\modeller\modellerexecutable\modellercmd.dir\debug\editing.obj
d:\graduation_project\clean\avatree\build\src\modeller\modellerexecutable\modellercmd.dir\debug\distance.obj
d:\graduation_project\clean\avatree\build\src\modeller\modellerexecutable\modellercmd.dir\debug\density.obj
d:\graduation_project\clean\avatree\build\src\modeller\modellerexecutable\modellercmd.dir\debug\deformation.obj
d:\graduation_project\clean\avatree\build\src\modeller\modellerexecutable\modellercmd.dir\debug\decimation.obj
d:\graduation_project\clean\avatree\build\src\modeller\modellerexecutable\modellercmd.dir\debug\dobject.obj
d:\graduation_project\clean\avatree\build\src\modeller\modellerexecutable\modellercmd.dir\debug\connectivity.obj
d:\graduation_project\clean\avatree\build\src\modeller\modellerexecutable\modellercmd.dir\debug\cellarray.obj
d:\graduation_project\clean\avatree\build\src\modeller\modellerexecutable\modellercmd.dir\debug\buildtrees.obj
d:\graduation_project\clean\avatree\build\src\modeller\modellerexecutable\modellercmd.dir\debug\bbox.obj
d:\graduation_project\clean\avatree\build\src\modeller\modellerexecutable\modellercmd.dir\debug\analysis.obj
d:\graduation_project\clean\avatree\build\src\modeller\modellerexecutable\modellercmd.dir\debug\adjacency.obj
d:\graduation_project\clean\avatree\build\src\modeller\modellerexecutable\modellercmd.dir\debug\transform.obj
d:\graduation_project\clean\avatree\build\src\modeller\modellerexecutable\modellercmd.dir\debug\timer.obj
d:\graduation_project\clean\avatree\build\src\modeller\modellerexecutable\modellercmd.dir\debug\testing.obj
d:\graduation_project\clean\avatree\build\src\modeller\modellerexecutable\modellercmd.dir\debug\surfaceediting.obj
d:\graduation_project\clean\avatree\build\src\modeller\modellerexecutable\modellercmd.dir\debug\smoothing.obj
d:\graduation_project\clean\avatree\build\src\modeller\modellerexecutable\modellercmd.dir\debug\skeletonizationnarrowingsparse.obj
d:\graduation_project\clean\avatree\build\src\modeller\modellerexecutable\modellercmd.dir\debug\skeletonizationnarrowing.obj
d:\graduation_project\clean\avatree\build\src\modeller\modellerexecutable\modellercmd.dir\debug\skeleton.obj
d:\graduation_project\clean\avatree\build\src\modeller\modellerexecutable\modellercmd.dir\debug\simulation.obj
d:\graduation_project\clean\avatree\build\src\modeller\modellerexecutable\modellercmd.dir\debug\shapediameterfunction.obj
d:\graduation_project\clean\avatree\build\src\modeller\modellerexecutable\modellercmd.dir\debug\selection.obj
d:\graduation_project\clean\avatree\build\src\modeller\modellerexecutable\modellercmd.dir\debug\segmentation.obj
d:\graduation_project\clean\avatree\build\src\modeller\modellerexecutable\modellercmd.dir\debug\project.obj
d:\graduation_project\clean\avatree\build\src\modeller\modellerexecutable\modellercmd.dir\debug\procedure.obj
d:\graduation_project\clean\avatree\build\src\modeller\modellerexecutable\modellercmd.dir\debug\plane.obj
d:\graduation_project\clean\avatree\build\src\modeller\modellerexecutable\modellercmd.dir\debug\pca.obj
d:\graduation_project\clean\avatree\build\src\modeller\modellerexecutable\modellercmd.dir\debug\obj.obj
d:\graduation_project\clean\avatree\build\src\modeller\modellerexecutable\modellercmd.dir\debug\multiobj.obj
d:\graduation_project\clean\avatree\build\src\modeller\modellerexecutable\modellercmd.dir\debug\mcfskell.obj
d:\graduation_project\clean\avatree\build\src\modeller\modellerexecutable\modellercmd.dir\debug\laplacian.obj
d:\graduation_project\clean\avatree\build\src\modeller\modellerexecutable\modellercmd.dir\debug\_other.obj
d:\graduation_project\clean\avatree\build\src\modeller\modellerexecutable\modellercmd.dir\debug\ssdrecon.obj
d:\graduation_project\clean\avatree\build\src\modeller\modellerexecutable\modellercmd.dir\debug\poissonrecon.obj
d:\graduation_project\clean\avatree\build\src\modeller\modellerexecutable\modellercmd.dir\debug\plyfile.obj
d:\graduation_project\clean\avatree\build\src\modeller\modellerexecutable\modellercmd.dir\debug\marchingcubes.obj
d:\graduation_project\clean\avatree\build\src\modeller\modellerexecutable\modellercmd.dir\debug\geometry.obj
d:\graduation_project\clean\avatree\build\src\modeller\modellerexecutable\modellercmd.dir\debug\factor.obj
d:\graduation_project\clean\avatree\build\src\modeller\modellerexecutable\modellercmd.dir\debug\cmdlineparser.obj
d:\graduation_project\clean\avatree\build\src\modeller\modellerexecutable\modellercmd.dir\debug\volumefilling.obj
d:\graduation_project\clean\avatree\build\src\modeller\modellerexecutable\modellercmd.dir\debug\volume.obj
d:\graduation_project\clean\avatree\build\src\modeller\modellerexecutable\modellercmd.dir\debug\treegeneration.obj
d:\graduation_project\clean\avatree\build\src\modeller\modellerexecutable\cmakefiles\generate.stamp
d:\graduation_project\clean\avatree\build\src\modeller\modellerexecutable\modellercmd.dir\debug\modellercmd.tlog\cl.command.1.tlog
d:\graduation_project\clean\avatree\build\src\modeller\modellerexecutable\modellercmd.dir\debug\modellercmd.tlog\cl.read.1.tlog
d:\graduation_project\clean\avatree\build\src\modeller\modellerexecutable\modellercmd.dir\debug\modellercmd.tlog\cl.write.1.tlog
d:\graduation_project\clean\avatree\build\src\modeller\modellerexecutable\modellercmd.dir\debug\modellercmd.tlog\custombuild.command.1.tlog
d:\graduation_project\clean\avatree\build\src\modeller\modellerexecutable\modellercmd.dir\debug\modellercmd.tlog\custombuild.read.1.tlog
d:\graduation_project\clean\avatree\build\src\modeller\modellerexecutable\modellercmd.dir\debug\modellercmd.tlog\custombuild.write.1.tlog
